2016-02-11 13:21:54,634 [INFO] from play.core.server.NettyServer in pool-4-thread-1 - Listening for HTTP on /0:0:0:0:0:0:0:0:9000
2016-02-11 13:22:00,770 [WARN] from application in ForkJoinPool-1-worker-1 - Logger configuration in conf files is deprecated and has no effect. Use a logback configuration file instead.
2016-02-11 13:22:01,709 [INFO] from application in ForkJoinPool-1-worker-1 - Application started!
2016-02-11 13:22:01,940 [INFO] from application in ForkJoinPool-1-worker-1 - Connected to Database!
2016-02-11 13:22:01,953 [INFO] from play.api.Play in ForkJoinPool-1-worker-1 - Application started (Dev)
2016-02-11 13:22:02,346 [ERROR] from play.core.server.netty.PlayDefaultUpstreamHandler in application-akka.actor.default-dispatcher-2 - Cannot invoke the action
java.lang.IllegalStateException: JSR-303 validated property 'repeatPassword' does not have a corresponding accessor for data binding - check your DataBinder's configuration (bean property versus direct field access)
	at play.data.Form.bind(Form.java:372) ~[play-java_2.11-2.4.6.jar:2.4.6]
	at play.data.Form.bindFromRequest(Form.java:222) ~[play-java_2.11-2.4.6.jar:2.4.6]
	at controllers.Application.doSignup(Application.java:86) ~[classes/:na]
	at router.Routes$$anonfun$routes$1$$anonfun$applyOrElse$10$$anonfun$apply$10.apply(Routes.scala:594) ~[classes/:na]
	at router.Routes$$anonfun$routes$1$$anonfun$applyOrElse$10$$anonfun$apply$10.apply(Routes.scala:594) ~[classes/:na]
	at play.core.routing.HandlerInvokerFactory$$anon$4.resultCall(HandlerInvoker.scala:136) ~[play_2.11-2.4.6.jar:2.4.6]
	at play.core.routing.HandlerInvokerFactory$JavaActionInvokerFactory$$anon$14$$anon$3$$anon$1.invocation(HandlerInvoker.scala:127) ~[play_2.11-2.4.6.jar:2.4.6]
	at play.core.j.JavaAction$$anon$1.call(JavaAction.scala:70) ~[play_2.11-2.4.6.jar:2.4.6]
	at play.GlobalSettings$1.call(GlobalSettings.java:67) ~[play_2.11-2.4.6.jar:2.4.6]
	at play.core.j.JavaAction$$anonfun$7.apply(JavaAction.scala:94) ~[play_2.11-2.4.6.jar:2.4.6]
	at play.core.j.JavaAction$$anonfun$7.apply(JavaAction.scala:94) ~[play_2.11-2.4.6.jar:2.4.6]
	at scala.concurrent.impl.Future$PromiseCompletingRunnable.liftedTree1$1(Future.scala:24) ~[scala-library-2.11.6.jar:na]
	at scala.concurrent.impl.Future$PromiseCompletingRunnable.run(Future.scala:24) ~[scala-library-2.11.6.jar:na]
	at play.core.j.HttpExecutionContext$$anon$2.run(HttpExecutionContext.scala:40) ~[play_2.11-2.4.6.jar:2.4.6]
	at play.api.libs.iteratee.Execution$trampoline$.execute(Execution.scala:70) ~[play-iteratees_2.11-2.4.6.jar:2.4.6]
	at play.core.j.HttpExecutionContext.execute(HttpExecutionContext.scala:32) ~[play_2.11-2.4.6.jar:2.4.6]
	at scala.concurrent.impl.Future$.apply(Future.scala:31) ~[scala-library-2.11.6.jar:na]
	at scala.concurrent.Future$.apply(Future.scala:492) ~[scala-library-2.11.6.jar:na]
	at play.core.j.JavaAction.apply(JavaAction.scala:94) ~[play_2.11-2.4.6.jar:2.4.6]
	at play.api.mvc.Action$$anonfun$apply$1$$anonfun$apply$4$$anonfun$apply$5.apply(Action.scala:105) ~[play_2.11-2.4.6.jar:2.4.6]
	at play.api.mvc.Action$$anonfun$apply$1$$anonfun$apply$4$$anonfun$apply$5.apply(Action.scala:105) ~[play_2.11-2.4.6.jar:2.4.6]
	at play.utils.Threads$.withContextClassLoader(Threads.scala:21) ~[play_2.11-2.4.6.jar:2.4.6]
	at play.api.mvc.Action$$anonfun$apply$1$$anonfun$apply$4.apply(Action.scala:104) ~[play_2.11-2.4.6.jar:2.4.6]
	at play.api.mvc.Action$$anonfun$apply$1$$anonfun$apply$4.apply(Action.scala:103) ~[play_2.11-2.4.6.jar:2.4.6]
	at scala.Option.map(Option.scala:146) ~[scala-library-2.11.6.jar:na]
	at play.api.mvc.Action$$anonfun$apply$1.apply(Action.scala:103) ~[play_2.11-2.4.6.jar:2.4.6]
	at play.api.mvc.Action$$anonfun$apply$1.apply(Action.scala:96) ~[play_2.11-2.4.6.jar:2.4.6]
	at play.api.libs.iteratee.Iteratee$$anonfun$mapM$1.apply(Iteratee.scala:524) ~[play-iteratees_2.11-2.4.6.jar:2.4.6]
	at play.api.libs.iteratee.Iteratee$$anonfun$mapM$1.apply(Iteratee.scala:524) ~[play-iteratees_2.11-2.4.6.jar:2.4.6]
	at play.api.libs.iteratee.Iteratee$$anonfun$flatMapM$1.apply(Iteratee.scala:560) ~[play-iteratees_2.11-2.4.6.jar:2.4.6]
	at play.api.libs.iteratee.Iteratee$$anonfun$flatMapM$1.apply(Iteratee.scala:560) ~[play-iteratees_2.11-2.4.6.jar:2.4.6]
	at play.api.libs.iteratee.Iteratee$$anonfun$flatMap$1$$anonfun$apply$14.apply(Iteratee.scala:537) ~[play-iteratees_2.11-2.4.6.jar:2.4.6]
	at play.api.libs.iteratee.Iteratee$$anonfun$flatMap$1$$anonfun$apply$14.apply(Iteratee.scala:537) ~[play-iteratees_2.11-2.4.6.jar:2.4.6]
	at scala.concurrent.impl.Future$PromiseCompletingRunnable.liftedTree1$1(Future.scala:24) ~[scala-library-2.11.6.jar:na]
	at scala.concurrent.impl.Future$PromiseCompletingRunnable.run(Future.scala:24) ~[scala-library-2.11.6.jar:na]
	at akka.dispatch.TaskInvocation.run(AbstractDispatcher.scala:40) [akka-actor_2.11-2.3.13.jar:na]
	at akka.dispatch.ForkJoinExecutorConfigurator$AkkaForkJoinTask.exec(AbstractDispatcher.scala:397) [akka-actor_2.11-2.3.13.jar:na]
	at scala.concurrent.forkjoin.ForkJoinTask.doExec(ForkJoinTask.java:260) [scala-library-2.11.6.jar:na]
	at scala.concurrent.forkjoin.ForkJoinPool$WorkQueue.runTask(ForkJoinPool.java:1339) [scala-library-2.11.6.jar:na]
	at scala.concurrent.forkjoin.ForkJoinPool.runWorker(ForkJoinPool.java:1979) [scala-library-2.11.6.jar:na]
	at scala.concurrent.forkjoin.ForkJoinWorkerThread.run(ForkJoinWorkerThread.java:107) [scala-library-2.11.6.jar:na]
Caused by: org.springframework.beans.NotReadablePropertyException: Invalid property 'repeatPassword' of bean class [providers.MyUsernamePasswordAuthProvider$MySignup]: Bean property 'repeatPassword' is not readable or has an invalid getter method: Does the return type of the getter match the parameter type of the setter?
	at org.springframework.beans.BeanWrapperImpl.getPropertyValue(BeanWrapperImpl.java:731) ~[spring-beans-4.1.6.RELEASE.jar:4.1.6.RELEASE]
	at org.springframework.beans.BeanWrapperImpl.getPropertyValue(BeanWrapperImpl.java:722) ~[spring-beans-4.1.6.RELEASE.jar:4.1.6.RELEASE]
	at org.springframework.validation.AbstractPropertyBindingResult.getActualFieldValue(AbstractPropertyBindingResult.java:99) ~[spring-context-4.1.6.RELEASE.jar:4.1.6.RELEASE]
	at org.springframework.validation.AbstractBindingResult.rejectValue(AbstractBindingResult.java:108) ~[spring-context-4.1.6.RELEASE.jar:4.1.6.RELEASE]
	at play.data.Form.bind(Form.java:366) ~[play-java_2.11-2.4.6.jar:2.4.6]
	... 40 common frames omitted
2016-02-11 13:22:02,361 [ERROR] from application in application-akka.actor.default-dispatcher-2 - 

! @6p4f0b51i - Internal server error, for (POST) [/signup] ->
 
play.api.http.HttpErrorHandlerExceptions$$anon$1: Execution exception[[IllegalStateException: JSR-303 validated property 'repeatPassword' does not have a corresponding accessor for data binding - check your DataBinder's configuration (bean property versus direct field access)]]
	at play.api.http.HttpErrorHandlerExceptions$.throwableToUsefulException(HttpErrorHandler.scala:265) ~[play_2.11-2.4.6.jar:2.4.6]
	at play.api.http.DefaultHttpErrorHandler.onServerError(HttpErrorHandler.scala:191) ~[play_2.11-2.4.6.jar:2.4.6]
	at play.api.GlobalSettings$class.onError(GlobalSettings.scala:179) [play_2.11-2.4.6.jar:2.4.6]
	at play.core.j.JavaGlobalSettingsAdapter.play$core$j$JavaGlobalSettingsAdapter$$super$onError(JavaGlobalSettingsAdapter.scala:36) [play_2.11-2.4.6.jar:2.4.6]
	at play.core.j.JavaGlobalSettingsAdapter$$anonfun$onError$2.apply(JavaGlobalSettingsAdapter.scala:36) [play_2.11-2.4.6.jar:2.4.6]
	at play.core.j.JavaGlobalSettingsAdapter$$anonfun$onError$2.apply(JavaGlobalSettingsAdapter.scala:36) [play_2.11-2.4.6.jar:2.4.6]
	at scala.Option.getOrElse(Option.scala:121) [scala-library-2.11.6.jar:na]
	at play.core.j.JavaGlobalSettingsAdapter.onError(JavaGlobalSettingsAdapter.scala:36) [play_2.11-2.4.6.jar:2.4.6]
	at play.api.http.GlobalSettingsHttpErrorHandler.onServerError(HttpErrorHandler.scala:94) [play_2.11-2.4.6.jar:2.4.6]
	at play.core.server.netty.PlayDefaultUpstreamHandler$$anonfun$3.applyOrElse(PlayDefaultUpstreamHandler.scala:266) [play-netty-server_2.11-2.4.6.jar:2.4.6]
	at play.core.server.netty.PlayDefaultUpstreamHandler$$anonfun$3.applyOrElse(PlayDefaultUpstreamHandler.scala:262) [play-netty-server_2.11-2.4.6.jar:2.4.6]
	at scala.concurrent.Future$$anonfun$recoverWith$1.apply(Future.scala:344) [scala-library-2.11.6.jar:na]
	at scala.concurrent.Future$$anonfun$recoverWith$1.apply(Future.scala:343) [scala-library-2.11.6.jar:na]
	at scala.concurrent.impl.CallbackRunnable.run(Promise.scala:32) [scala-library-2.11.6.jar:na]
	at play.api.libs.iteratee.Execution$trampoline$.executeScheduled(Execution.scala:109) [play-iteratees_2.11-2.4.6.jar:2.4.6]
	at play.api.libs.iteratee.Execution$trampoline$.execute(Execution.scala:71) [play-iteratees_2.11-2.4.6.jar:2.4.6]
	at scala.concurrent.impl.CallbackRunnable.executeWithValue(Promise.scala:40) [scala-library-2.11.6.jar:na]
	at scala.concurrent.impl.Promise$DefaultPromise.tryComplete(Promise.scala:248) [scala-library-2.11.6.jar:na]
	at scala.concurrent.Promise$class.complete(Promise.scala:55) [scala-library-2.11.6.jar:na]
	at scala.concurrent.impl.Promise$DefaultPromise.complete(Promise.scala:153) [scala-library-2.11.6.jar:na]
	at scala.concurrent.impl.Future$PromiseCompletingRunnable.run(Future.scala:23) [scala-library-2.11.6.jar:na]
	at akka.dispatch.TaskInvocation.run(AbstractDispatcher.scala:40) [akka-actor_2.11-2.3.13.jar:na]
	at akka.dispatch.ForkJoinExecutorConfigurator$AkkaForkJoinTask.exec(AbstractDispatcher.scala:397) [akka-actor_2.11-2.3.13.jar:na]
	at scala.concurrent.forkjoin.ForkJoinTask.doExec(ForkJoinTask.java:260) [scala-library-2.11.6.jar:na]
	at scala.concurrent.forkjoin.ForkJoinPool$WorkQueue.runTask(ForkJoinPool.java:1339) [scala-library-2.11.6.jar:na]
	at scala.concurrent.forkjoin.ForkJoinPool.runWorker(ForkJoinPool.java:1979) [scala-library-2.11.6.jar:na]
	at scala.concurrent.forkjoin.ForkJoinWorkerThread.run(ForkJoinWorkerThread.java:107) [scala-library-2.11.6.jar:na]
Caused by: java.lang.IllegalStateException: JSR-303 validated property 'repeatPassword' does not have a corresponding accessor for data binding - check your DataBinder's configuration (bean property versus direct field access)
	at play.data.Form.bind(Form.java:372) ~[play-java_2.11-2.4.6.jar:2.4.6]
	at play.data.Form.bindFromRequest(Form.java:222) ~[play-java_2.11-2.4.6.jar:2.4.6]
	at controllers.Application.doSignup(Application.java:86) ~[classes/:na]
	at router.Routes$$anonfun$routes$1$$anonfun$applyOrElse$10$$anonfun$apply$10.apply(Routes.scala:594) ~[classes/:na]
	at router.Routes$$anonfun$routes$1$$anonfun$applyOrElse$10$$anonfun$apply$10.apply(Routes.scala:594) ~[classes/:na]
	at play.core.routing.HandlerInvokerFactory$$anon$4.resultCall(HandlerInvoker.scala:136) ~[play_2.11-2.4.6.jar:2.4.6]
	at play.core.routing.HandlerInvokerFactory$JavaActionInvokerFactory$$anon$14$$anon$3$$anon$1.invocation(HandlerInvoker.scala:127) ~[play_2.11-2.4.6.jar:2.4.6]
	at play.core.j.JavaAction$$anon$1.call(JavaAction.scala:70) ~[play_2.11-2.4.6.jar:2.4.6]
	at play.GlobalSettings$1.call(GlobalSettings.java:67) ~[play_2.11-2.4.6.jar:2.4.6]
	at play.core.j.JavaAction$$anonfun$7.apply(JavaAction.scala:94) ~[play_2.11-2.4.6.jar:2.4.6]
	at play.core.j.JavaAction$$anonfun$7.apply(JavaAction.scala:94) ~[play_2.11-2.4.6.jar:2.4.6]
	at scala.concurrent.impl.Future$PromiseCompletingRunnable.liftedTree1$1(Future.scala:24) [scala-library-2.11.6.jar:na]
	at scala.concurrent.impl.Future$PromiseCompletingRunnable.run(Future.scala:24) [scala-library-2.11.6.jar:na]
	at play.core.j.HttpExecutionContext$$anon$2.run(HttpExecutionContext.scala:40) ~[play_2.11-2.4.6.jar:2.4.6]
	at play.api.libs.iteratee.Execution$trampoline$.execute(Execution.scala:70) [play-iteratees_2.11-2.4.6.jar:2.4.6]
	at play.core.j.HttpExecutionContext.execute(HttpExecutionContext.scala:32) ~[play_2.11-2.4.6.jar:2.4.6]
	at scala.concurrent.impl.Future$.apply(Future.scala:31) ~[scala-library-2.11.6.jar:na]
	at scala.concurrent.Future$.apply(Future.scala:492) ~[scala-library-2.11.6.jar:na]
	at play.core.j.JavaAction.apply(JavaAction.scala:94) ~[play_2.11-2.4.6.jar:2.4.6]
	at play.api.mvc.Action$$anonfun$apply$1$$anonfun$apply$4$$anonfun$apply$5.apply(Action.scala:105) ~[play_2.11-2.4.6.jar:2.4.6]
	at play.api.mvc.Action$$anonfun$apply$1$$anonfun$apply$4$$anonfun$apply$5.apply(Action.scala:105) ~[play_2.11-2.4.6.jar:2.4.6]
	at play.utils.Threads$.withContextClassLoader(Threads.scala:21) ~[play_2.11-2.4.6.jar:2.4.6]
	at play.api.mvc.Action$$anonfun$apply$1$$anonfun$apply$4.apply(Action.scala:104) ~[play_2.11-2.4.6.jar:2.4.6]
	at play.api.mvc.Action$$anonfun$apply$1$$anonfun$apply$4.apply(Action.scala:103) ~[play_2.11-2.4.6.jar:2.4.6]
	at scala.Option.map(Option.scala:146) [scala-library-2.11.6.jar:na]
	at play.api.mvc.Action$$anonfun$apply$1.apply(Action.scala:103) ~[play_2.11-2.4.6.jar:2.4.6]
	at play.api.mvc.Action$$anonfun$apply$1.apply(Action.scala:96) ~[play_2.11-2.4.6.jar:2.4.6]
	at play.api.libs.iteratee.Iteratee$$anonfun$mapM$1.apply(Iteratee.scala:524) ~[play-iteratees_2.11-2.4.6.jar:2.4.6]
	at play.api.libs.iteratee.Iteratee$$anonfun$mapM$1.apply(Iteratee.scala:524) ~[play-iteratees_2.11-2.4.6.jar:2.4.6]
	at play.api.libs.iteratee.Iteratee$$anonfun$flatMapM$1.apply(Iteratee.scala:560) ~[play-iteratees_2.11-2.4.6.jar:2.4.6]
	at play.api.libs.iteratee.Iteratee$$anonfun$flatMapM$1.apply(Iteratee.scala:560) ~[play-iteratees_2.11-2.4.6.jar:2.4.6]
	at play.api.libs.iteratee.Iteratee$$anonfun$flatMap$1$$anonfun$apply$14.apply(Iteratee.scala:537) ~[play-iteratees_2.11-2.4.6.jar:2.4.6]
	at play.api.libs.iteratee.Iteratee$$anonfun$flatMap$1$$anonfun$apply$14.apply(Iteratee.scala:537) ~[play-iteratees_2.11-2.4.6.jar:2.4.6]
	at scala.concurrent.impl.Future$PromiseCompletingRunnable.liftedTree1$1(Future.scala:24) [scala-library-2.11.6.jar:na]
	at scala.concurrent.impl.Future$PromiseCompletingRunnable.run(Future.scala:24) [scala-library-2.11.6.jar:na]
	... 6 common frames omitted
Caused by: org.springframework.beans.NotReadablePropertyException: Invalid property 'repeatPassword' of bean class [providers.MyUsernamePasswordAuthProvider$MySignup]: Bean property 'repeatPassword' is not readable or has an invalid getter method: Does the return type of the getter match the parameter type of the setter?
	at org.springframework.beans.BeanWrapperImpl.getPropertyValue(BeanWrapperImpl.java:731) ~[spring-beans-4.1.6.RELEASE.jar:4.1.6.RELEASE]
	at org.springframework.beans.BeanWrapperImpl.getPropertyValue(BeanWrapperImpl.java:722) ~[spring-beans-4.1.6.RELEASE.jar:4.1.6.RELEASE]
	at org.springframework.validation.AbstractPropertyBindingResult.getActualFieldValue(AbstractPropertyBindingResult.java:99) ~[spring-context-4.1.6.RELEASE.jar:4.1.6.RELEASE]
	at org.springframework.validation.AbstractBindingResult.rejectValue(AbstractBindingResult.java:108) ~[spring-context-4.1.6.RELEASE.jar:4.1.6.RELEASE]
	at play.data.Form.bind(Form.java:366) ~[play-java_2.11-2.4.6.jar:2.4.6]
	... 40 common frames omitted
2016-02-11 13:22:06,597 [WARN] from application in application-akka.actor.default-dispatcher-5 - application.langs is deprecated, use play.i18n.langs instead
2016-02-11 13:22:10,578 [WARN] from application in application-akka.actor.default-dispatcher-2 - application.conf @ file:/Users/nghian/tmp/play-authenticate-mongo/target/scala-2.11/classes/application.conf: 12: application.secret is deprecated, use play.crypto.secret instead
2016-02-11 13:22:36,303 [ERROR] from play.core.server.netty.PlayDefaultUpstreamHandler in application-akka.actor.default-dispatcher-2 - Cannot invoke the action
java.lang.IllegalStateException: JSR-303 validated property 'repeatPassword' does not have a corresponding accessor for data binding - check your DataBinder's configuration (bean property versus direct field access)
	at play.data.Form.bind(Form.java:372) ~[play-java_2.11-2.4.6.jar:2.4.6]
	at play.data.Form.bindFromRequest(Form.java:222) ~[play-java_2.11-2.4.6.jar:2.4.6]
	at controllers.Application.doSignup(Application.java:86) ~[classes/:na]
	at router.Routes$$anonfun$routes$1$$anonfun$applyOrElse$10$$anonfun$apply$10.apply(Routes.scala:594) ~[classes/:na]
	at router.Routes$$anonfun$routes$1$$anonfun$applyOrElse$10$$anonfun$apply$10.apply(Routes.scala:594) ~[classes/:na]
	at play.core.routing.HandlerInvokerFactory$$anon$4.resultCall(HandlerInvoker.scala:136) ~[play_2.11-2.4.6.jar:2.4.6]
	at play.core.routing.HandlerInvokerFactory$JavaActionInvokerFactory$$anon$14$$anon$3$$anon$1.invocation(HandlerInvoker.scala:127) ~[play_2.11-2.4.6.jar:2.4.6]
	at play.core.j.JavaAction$$anon$1.call(JavaAction.scala:70) ~[play_2.11-2.4.6.jar:2.4.6]
	at play.GlobalSettings$1.call(GlobalSettings.java:67) ~[play_2.11-2.4.6.jar:2.4.6]
	at play.core.j.JavaAction$$anonfun$7.apply(JavaAction.scala:94) ~[play_2.11-2.4.6.jar:2.4.6]
	at play.core.j.JavaAction$$anonfun$7.apply(JavaAction.scala:94) ~[play_2.11-2.4.6.jar:2.4.6]
	at scala.concurrent.impl.Future$PromiseCompletingRunnable.liftedTree1$1(Future.scala:24) ~[scala-library-2.11.6.jar:na]
	at scala.concurrent.impl.Future$PromiseCompletingRunnable.run(Future.scala:24) ~[scala-library-2.11.6.jar:na]
	at play.core.j.HttpExecutionContext$$anon$2.run(HttpExecutionContext.scala:40) ~[play_2.11-2.4.6.jar:2.4.6]
	at play.api.libs.iteratee.Execution$trampoline$.execute(Execution.scala:70) ~[play-iteratees_2.11-2.4.6.jar:2.4.6]
	at play.core.j.HttpExecutionContext.execute(HttpExecutionContext.scala:32) ~[play_2.11-2.4.6.jar:2.4.6]
	at scala.concurrent.impl.Future$.apply(Future.scala:31) ~[scala-library-2.11.6.jar:na]
	at scala.concurrent.Future$.apply(Future.scala:492) ~[scala-library-2.11.6.jar:na]
	at play.core.j.JavaAction.apply(JavaAction.scala:94) ~[play_2.11-2.4.6.jar:2.4.6]
	at play.api.mvc.Action$$anonfun$apply$1$$anonfun$apply$4$$anonfun$apply$5.apply(Action.scala:105) ~[play_2.11-2.4.6.jar:2.4.6]
	at play.api.mvc.Action$$anonfun$apply$1$$anonfun$apply$4$$anonfun$apply$5.apply(Action.scala:105) ~[play_2.11-2.4.6.jar:2.4.6]
	at play.utils.Threads$.withContextClassLoader(Threads.scala:21) ~[play_2.11-2.4.6.jar:2.4.6]
	at play.api.mvc.Action$$anonfun$apply$1$$anonfun$apply$4.apply(Action.scala:104) ~[play_2.11-2.4.6.jar:2.4.6]
	at play.api.mvc.Action$$anonfun$apply$1$$anonfun$apply$4.apply(Action.scala:103) ~[play_2.11-2.4.6.jar:2.4.6]
	at scala.Option.map(Option.scala:146) ~[scala-library-2.11.6.jar:na]
	at play.api.mvc.Action$$anonfun$apply$1.apply(Action.scala:103) ~[play_2.11-2.4.6.jar:2.4.6]
	at play.api.mvc.Action$$anonfun$apply$1.apply(Action.scala:96) ~[play_2.11-2.4.6.jar:2.4.6]
	at play.api.libs.iteratee.Iteratee$$anonfun$mapM$1.apply(Iteratee.scala:524) ~[play-iteratees_2.11-2.4.6.jar:2.4.6]
	at play.api.libs.iteratee.Iteratee$$anonfun$mapM$1.apply(Iteratee.scala:524) ~[play-iteratees_2.11-2.4.6.jar:2.4.6]
	at play.api.libs.iteratee.Iteratee$$anonfun$flatMapM$1.apply(Iteratee.scala:560) ~[play-iteratees_2.11-2.4.6.jar:2.4.6]
	at play.api.libs.iteratee.Iteratee$$anonfun$flatMapM$1.apply(Iteratee.scala:560) ~[play-iteratees_2.11-2.4.6.jar:2.4.6]
	at play.api.libs.iteratee.Iteratee$$anonfun$flatMap$1$$anonfun$apply$14.apply(Iteratee.scala:537) ~[play-iteratees_2.11-2.4.6.jar:2.4.6]
	at play.api.libs.iteratee.Iteratee$$anonfun$flatMap$1$$anonfun$apply$14.apply(Iteratee.scala:537) ~[play-iteratees_2.11-2.4.6.jar:2.4.6]
	at scala.concurrent.impl.Future$PromiseCompletingRunnable.liftedTree1$1(Future.scala:24) ~[scala-library-2.11.6.jar:na]
	at scala.concurrent.impl.Future$PromiseCompletingRunnable.run(Future.scala:24) ~[scala-library-2.11.6.jar:na]
	at akka.dispatch.TaskInvocation.run(AbstractDispatcher.scala:40) [akka-actor_2.11-2.3.13.jar:na]
	at akka.dispatch.ForkJoinExecutorConfigurator$AkkaForkJoinTask.exec(AbstractDispatcher.scala:397) [akka-actor_2.11-2.3.13.jar:na]
	at scala.concurrent.forkjoin.ForkJoinTask.doExec(ForkJoinTask.java:260) [scala-library-2.11.6.jar:na]
	at scala.concurrent.forkjoin.ForkJoinPool$WorkQueue.runTask(ForkJoinPool.java:1339) [scala-library-2.11.6.jar:na]
	at scala.concurrent.forkjoin.ForkJoinPool.runWorker(ForkJoinPool.java:1979) [scala-library-2.11.6.jar:na]
	at scala.concurrent.forkjoin.ForkJoinWorkerThread.run(ForkJoinWorkerThread.java:107) [scala-library-2.11.6.jar:na]
Caused by: org.springframework.beans.NotReadablePropertyException: Invalid property 'repeatPassword' of bean class [providers.MyUsernamePasswordAuthProvider$MySignup]: Bean property 'repeatPassword' is not readable or has an invalid getter method: Does the return type of the getter match the parameter type of the setter?
	at org.springframework.beans.BeanWrapperImpl.getPropertyValue(BeanWrapperImpl.java:731) ~[spring-beans-4.1.6.RELEASE.jar:4.1.6.RELEASE]
	at org.springframework.beans.BeanWrapperImpl.getPropertyValue(BeanWrapperImpl.java:722) ~[spring-beans-4.1.6.RELEASE.jar:4.1.6.RELEASE]
	at org.springframework.validation.AbstractPropertyBindingResult.getActualFieldValue(AbstractPropertyBindingResult.java:99) ~[spring-context-4.1.6.RELEASE.jar:4.1.6.RELEASE]
	at org.springframework.validation.AbstractBindingResult.rejectValue(AbstractBindingResult.java:108) ~[spring-context-4.1.6.RELEASE.jar:4.1.6.RELEASE]
	at play.data.Form.bind(Form.java:366) ~[play-java_2.11-2.4.6.jar:2.4.6]
	... 40 common frames omitted
2016-02-11 13:22:36,308 [ERROR] from application in application-akka.actor.default-dispatcher-2 - 

! @6p4f0d37a - Internal server error, for (POST) [/signup] ->
 
play.api.http.HttpErrorHandlerExceptions$$anon$1: Execution exception[[IllegalStateException: JSR-303 validated property 'repeatPassword' does not have a corresponding accessor for data binding - check your DataBinder's configuration (bean property versus direct field access)]]
	at play.api.http.HttpErrorHandlerExceptions$.throwableToUsefulException(HttpErrorHandler.scala:265) ~[play_2.11-2.4.6.jar:2.4.6]
	at play.api.http.DefaultHttpErrorHandler.onServerError(HttpErrorHandler.scala:191) ~[play_2.11-2.4.6.jar:2.4.6]
	at play.api.GlobalSettings$class.onError(GlobalSettings.scala:179) [play_2.11-2.4.6.jar:2.4.6]
	at play.core.j.JavaGlobalSettingsAdapter.play$core$j$JavaGlobalSettingsAdapter$$super$onError(JavaGlobalSettingsAdapter.scala:36) [play_2.11-2.4.6.jar:2.4.6]
	at play.core.j.JavaGlobalSettingsAdapter$$anonfun$onError$2.apply(JavaGlobalSettingsAdapter.scala:36) [play_2.11-2.4.6.jar:2.4.6]
	at play.core.j.JavaGlobalSettingsAdapter$$anonfun$onError$2.apply(JavaGlobalSettingsAdapter.scala:36) [play_2.11-2.4.6.jar:2.4.6]
	at scala.Option.getOrElse(Option.scala:121) [scala-library-2.11.6.jar:na]
	at play.core.j.JavaGlobalSettingsAdapter.onError(JavaGlobalSettingsAdapter.scala:36) [play_2.11-2.4.6.jar:2.4.6]
	at play.api.http.GlobalSettingsHttpErrorHandler.onServerError(HttpErrorHandler.scala:94) [play_2.11-2.4.6.jar:2.4.6]
	at play.core.server.netty.PlayDefaultUpstreamHandler$$anonfun$3.applyOrElse(PlayDefaultUpstreamHandler.scala:266) [play-netty-server_2.11-2.4.6.jar:2.4.6]
	at play.core.server.netty.PlayDefaultUpstreamHandler$$anonfun$3.applyOrElse(PlayDefaultUpstreamHandler.scala:262) [play-netty-server_2.11-2.4.6.jar:2.4.6]
	at scala.concurrent.Future$$anonfun$recoverWith$1.apply(Future.scala:344) [scala-library-2.11.6.jar:na]
	at scala.concurrent.Future$$anonfun$recoverWith$1.apply(Future.scala:343) [scala-library-2.11.6.jar:na]
	at scala.concurrent.impl.CallbackRunnable.run(Promise.scala:32) [scala-library-2.11.6.jar:na]
	at play.api.libs.iteratee.Execution$trampoline$.executeScheduled(Execution.scala:109) [play-iteratees_2.11-2.4.6.jar:2.4.6]
	at play.api.libs.iteratee.Execution$trampoline$.execute(Execution.scala:71) [play-iteratees_2.11-2.4.6.jar:2.4.6]
	at scala.concurrent.impl.CallbackRunnable.executeWithValue(Promise.scala:40) [scala-library-2.11.6.jar:na]
	at scala.concurrent.impl.Promise$DefaultPromise.tryComplete(Promise.scala:248) [scala-library-2.11.6.jar:na]
	at scala.concurrent.Promise$class.complete(Promise.scala:55) [scala-library-2.11.6.jar:na]
	at scala.concurrent.impl.Promise$DefaultPromise.complete(Promise.scala:153) [scala-library-2.11.6.jar:na]
	at scala.concurrent.impl.Future$PromiseCompletingRunnable.run(Future.scala:23) [scala-library-2.11.6.jar:na]
	at akka.dispatch.TaskInvocation.run(AbstractDispatcher.scala:40) [akka-actor_2.11-2.3.13.jar:na]
	at akka.dispatch.ForkJoinExecutorConfigurator$AkkaForkJoinTask.exec(AbstractDispatcher.scala:397) [akka-actor_2.11-2.3.13.jar:na]
	at scala.concurrent.forkjoin.ForkJoinTask.doExec(ForkJoinTask.java:260) [scala-library-2.11.6.jar:na]
	at scala.concurrent.forkjoin.ForkJoinPool$WorkQueue.runTask(ForkJoinPool.java:1339) [scala-library-2.11.6.jar:na]
	at scala.concurrent.forkjoin.ForkJoinPool.runWorker(ForkJoinPool.java:1979) [scala-library-2.11.6.jar:na]
	at scala.concurrent.forkjoin.ForkJoinWorkerThread.run(ForkJoinWorkerThread.java:107) [scala-library-2.11.6.jar:na]
Caused by: java.lang.IllegalStateException: JSR-303 validated property 'repeatPassword' does not have a corresponding accessor for data binding - check your DataBinder's configuration (bean property versus direct field access)
	at play.data.Form.bind(Form.java:372) ~[play-java_2.11-2.4.6.jar:2.4.6]
	at play.data.Form.bindFromRequest(Form.java:222) ~[play-java_2.11-2.4.6.jar:2.4.6]
	at controllers.Application.doSignup(Application.java:86) ~[classes/:na]
	at router.Routes$$anonfun$routes$1$$anonfun$applyOrElse$10$$anonfun$apply$10.apply(Routes.scala:594) ~[classes/:na]
	at router.Routes$$anonfun$routes$1$$anonfun$applyOrElse$10$$anonfun$apply$10.apply(Routes.scala:594) ~[classes/:na]
	at play.core.routing.HandlerInvokerFactory$$anon$4.resultCall(HandlerInvoker.scala:136) ~[play_2.11-2.4.6.jar:2.4.6]
	at play.core.routing.HandlerInvokerFactory$JavaActionInvokerFactory$$anon$14$$anon$3$$anon$1.invocation(HandlerInvoker.scala:127) ~[play_2.11-2.4.6.jar:2.4.6]
	at play.core.j.JavaAction$$anon$1.call(JavaAction.scala:70) ~[play_2.11-2.4.6.jar:2.4.6]
	at play.GlobalSettings$1.call(GlobalSettings.java:67) ~[play_2.11-2.4.6.jar:2.4.6]
	at play.core.j.JavaAction$$anonfun$7.apply(JavaAction.scala:94) ~[play_2.11-2.4.6.jar:2.4.6]
	at play.core.j.JavaAction$$anonfun$7.apply(JavaAction.scala:94) ~[play_2.11-2.4.6.jar:2.4.6]
	at scala.concurrent.impl.Future$PromiseCompletingRunnable.liftedTree1$1(Future.scala:24) [scala-library-2.11.6.jar:na]
	at scala.concurrent.impl.Future$PromiseCompletingRunnable.run(Future.scala:24) [scala-library-2.11.6.jar:na]
	at play.core.j.HttpExecutionContext$$anon$2.run(HttpExecutionContext.scala:40) ~[play_2.11-2.4.6.jar:2.4.6]
	at play.api.libs.iteratee.Execution$trampoline$.execute(Execution.scala:70) [play-iteratees_2.11-2.4.6.jar:2.4.6]
	at play.core.j.HttpExecutionContext.execute(HttpExecutionContext.scala:32) ~[play_2.11-2.4.6.jar:2.4.6]
	at scala.concurrent.impl.Future$.apply(Future.scala:31) ~[scala-library-2.11.6.jar:na]
	at scala.concurrent.Future$.apply(Future.scala:492) ~[scala-library-2.11.6.jar:na]
	at play.core.j.JavaAction.apply(JavaAction.scala:94) ~[play_2.11-2.4.6.jar:2.4.6]
	at play.api.mvc.Action$$anonfun$apply$1$$anonfun$apply$4$$anonfun$apply$5.apply(Action.scala:105) ~[play_2.11-2.4.6.jar:2.4.6]
	at play.api.mvc.Action$$anonfun$apply$1$$anonfun$apply$4$$anonfun$apply$5.apply(Action.scala:105) ~[play_2.11-2.4.6.jar:2.4.6]
	at play.utils.Threads$.withContextClassLoader(Threads.scala:21) ~[play_2.11-2.4.6.jar:2.4.6]
	at play.api.mvc.Action$$anonfun$apply$1$$anonfun$apply$4.apply(Action.scala:104) ~[play_2.11-2.4.6.jar:2.4.6]
	at play.api.mvc.Action$$anonfun$apply$1$$anonfun$apply$4.apply(Action.scala:103) ~[play_2.11-2.4.6.jar:2.4.6]
	at scala.Option.map(Option.scala:146) [scala-library-2.11.6.jar:na]
	at play.api.mvc.Action$$anonfun$apply$1.apply(Action.scala:103) ~[play_2.11-2.4.6.jar:2.4.6]
	at play.api.mvc.Action$$anonfun$apply$1.apply(Action.scala:96) ~[play_2.11-2.4.6.jar:2.4.6]
	at play.api.libs.iteratee.Iteratee$$anonfun$mapM$1.apply(Iteratee.scala:524) ~[play-iteratees_2.11-2.4.6.jar:2.4.6]
	at play.api.libs.iteratee.Iteratee$$anonfun$mapM$1.apply(Iteratee.scala:524) ~[play-iteratees_2.11-2.4.6.jar:2.4.6]
	at play.api.libs.iteratee.Iteratee$$anonfun$flatMapM$1.apply(Iteratee.scala:560) ~[play-iteratees_2.11-2.4.6.jar:2.4.6]
	at play.api.libs.iteratee.Iteratee$$anonfun$flatMapM$1.apply(Iteratee.scala:560) ~[play-iteratees_2.11-2.4.6.jar:2.4.6]
	at play.api.libs.iteratee.Iteratee$$anonfun$flatMap$1$$anonfun$apply$14.apply(Iteratee.scala:537) ~[play-iteratees_2.11-2.4.6.jar:2.4.6]
	at play.api.libs.iteratee.Iteratee$$anonfun$flatMap$1$$anonfun$apply$14.apply(Iteratee.scala:537) ~[play-iteratees_2.11-2.4.6.jar:2.4.6]
	at scala.concurrent.impl.Future$PromiseCompletingRunnable.liftedTree1$1(Future.scala:24) [scala-library-2.11.6.jar:na]
	at scala.concurrent.impl.Future$PromiseCompletingRunnable.run(Future.scala:24) [scala-library-2.11.6.jar:na]
	... 6 common frames omitted
Caused by: org.springframework.beans.NotReadablePropertyException: Invalid property 'repeatPassword' of bean class [providers.MyUsernamePasswordAuthProvider$MySignup]: Bean property 'repeatPassword' is not readable or has an invalid getter method: Does the return type of the getter match the parameter type of the setter?
	at org.springframework.beans.BeanWrapperImpl.getPropertyValue(BeanWrapperImpl.java:731) ~[spring-beans-4.1.6.RELEASE.jar:4.1.6.RELEASE]
	at org.springframework.beans.BeanWrapperImpl.getPropertyValue(BeanWrapperImpl.java:722) ~[spring-beans-4.1.6.RELEASE.jar:4.1.6.RELEASE]
	at org.springframework.validation.AbstractPropertyBindingResult.getActualFieldValue(AbstractPropertyBindingResult.java:99) ~[spring-context-4.1.6.RELEASE.jar:4.1.6.RELEASE]
	at org.springframework.validation.AbstractBindingResult.rejectValue(AbstractBindingResult.java:108) ~[spring-context-4.1.6.RELEASE.jar:4.1.6.RELEASE]
	at play.data.Form.bind(Form.java:366) ~[play-java_2.11-2.4.6.jar:2.4.6]
	... 40 common frames omitted
